Determining if the pthread_create exist failed with the following output:
Change Dir: /home/ajaya/gazebo_tu/build/linebot_description/CMakeFiles/CMakeTmp

Run Build Command:"/usr/bin/make" "cmTC_271ca/fast"
/usr/bin/make -f CMakeFiles/cmTC_271ca.dir/build.make CMakeFiles/cmTC_271ca.dir/build
make[1]: Entering directory '/home/ajaya/gazebo_tu/build/linebot_description/CMakeFiles/CMakeTmp'
Building C object CMakeFiles/cmTC_271ca.dir/CheckSymbolExists.c.o
/usr/bin/cc    -o CMakeFiles/cmTC_271ca.dir/CheckSymbolExists.c.o   -c /home/ajaya/gazebo_tu/build/linebot_description/CMakeFiles/CMakeTmp/CheckSymbolExists.c
Linking C executable cmTC_271ca
/usr/bin/cmake -E cmake_link_script CMakeFiles/cmTC_271ca.dir/link.txt --verbose=1
/usr/bin/cc      -rdynamic CMakeFiles/cmTC_271ca.dir/CheckSymbolExists.c.o  -o cmTC_271ca 
CMakeFiles/cmTC_271ca.dir/CheckSymbolExists.c.o: In function `main':
CheckSymbolExists.c:(.text+0x1b): undefined reference to `pthread_create'
collect2: error: ld returned 1 exit status
CMakeFiles/cmTC_271ca.dir/build.make:97: recipe for target 'cmTC_271ca' failed
make[1]: *** [cmTC_271ca] Error 1
make[1]: Leaving directory '/home/ajaya/gazebo_tu/build/linebot_description/CMakeFiles/CMakeTmp'
Makefile:126: recipe for target 'cmTC_271ca/fast' failed
make: *** [cmTC_271ca/fast] Error 2

File /home/ajaya/gazebo_tu/build/linebot_description/CMakeFiles/CMakeTmp/CheckSymbolExists.c:
/* */
#include <pthread.h>

int main(int argc, char** argv)
{
  (void)argv;
#ifndef pthread_create
  return ((int*)(&pthread_create))[argc];
#else
  (void)argc;
  return 0;
#endif
}

Determining if the function pthread_create exists in the pthreads failed with the following output:
Change Dir: /home/ajaya/gazebo_tu/build/linebot_description/CMakeFiles/CMakeTmp

Run Build Command:"/usr/bin/make" "cmTC_804a3/fast"
/usr/bin/make -f CMakeFiles/cmTC_804a3.dir/build.make CMakeFiles/cmTC_804a3.dir/build
make[1]: Entering directory '/home/ajaya/gazebo_tu/build/linebot_description/CMakeFiles/CMakeTmp'
Building C object CMakeFiles/cmTC_804a3.dir/CheckFunctionExists.c.o
/usr/bin/cc   -DCHECK_FUNCTION_EXISTS=pthread_create   -o CMakeFiles/cmTC_804a3.dir/CheckFunctionExists.c.o   -c /usr/share/cmake-3.10/Modules/CheckFunctionExists.c
Linking C executable cmTC_804a3
/usr/bin/cmake -E cmake_link_script CMakeFiles/cmTC_804a3.dir/link.txt --verbose=1
/usr/bin/cc  -DCHECK_FUNCTION_EXISTS=pthread_create    -rdynamic CMakeFiles/cmTC_804a3.dir/CheckFunctionExists.c.o  -o cmTC_804a3 -lpthreads 
/usr/bin/ld: cannot find -lpthreads
collect2: error: ld returned 1 exit status
CMakeFiles/cmTC_804a3.dir/build.make:97: recipe for target 'cmTC_804a3' failed
make[1]: *** [cmTC_804a3] Error 1
make[1]: Leaving directory '/home/ajaya/gazebo_tu/build/linebot_description/CMakeFiles/CMakeTmp'
Makefile:126: recipe for target 'cmTC_804a3/fast' failed
make: *** [cmTC_804a3/fast] Error 2


